19-Aug-24 11:17:41 - 

-------------PS_Email new instance log
19-Aug-24 11:21:59 - 

-------------PS_Email new instance log
19-Aug-24 11:47:23 - 

-------------PS_Email new instance log
19-Aug-24 11:47:40 - 

-------------PS_Email new instance log
19-Aug-24 11:48:21 - 

-------------PS_Email new instance log
19-Aug-24 11:48:21 - Succesfully logged into GMAIL
19-Aug-24 11:48:23 - Succesfully sent message via GMAIL account 2015samtaylor@gmail.com
19-Aug-24 12:03:59 - 

-------------PS_Email new instance log
19-Aug-24 12:03:59 - Succesfully logged into GMAIL
19-Aug-24 12:04:01 - Succesfully sent message via GMAIL account 2015samtaylor@gmail.com
19-Aug-24 12:05:25 - 

-------------PS_Email new instance log
19-Aug-24 12:05:26 - Succesfully logged into GMAIL
19-Aug-24 12:05:27 - Succesfully sent message via GMAIL account 2015samtaylor@gmail.com
19-Aug-24 12:05:27 - Succesfully logged into GMAIL
19-Aug-24 12:05:29 - Succesfully sent message via GMAIL account 2015samtaylor@gmail.com
19-Aug-24 12:05:29 - Success
19-Aug-24 12:07:15 - 

-------------PS_Email new instance log
19-Aug-24 12:07:16 - Succesfully logged into GMAIL
19-Aug-24 12:07:17 - Succesfully sent message via GMAIL account 2015samtaylor@gmail.com
19-Aug-24 12:07:18 - Succesfully logged into GMAIL
19-Aug-24 12:07:19 - Succesfully sent message via GMAIL account 2015samtaylor@gmail.com
19-Aug-24 12:07:19 - Success
19-Aug-24 12:12:35 - 

-------------PS_Email new instance log
19-Aug-24 12:12:35 - Succesfully logged into GMAIL
19-Aug-24 12:12:37 - Succesfully sent message via GMAIL account 2015samtaylor@gmail.com
19-Aug-24 12:12:37 - Succesfully logged into GMAIL
19-Aug-24 12:12:38 - Succesfully sent message via GMAIL account 2015samtaylor@gmail.com
19-Aug-24 12:12:39 - Success
19-Aug-24 12:12:39 - Logs sent to process_log table on 89 server
